<?xml version="1.0" encoding="UTF-8"?>
<testsuite name="Academy Choucair" tests="2" skipped="0" failures="0" errors="0" timestamp="2021-02-24T18:12:45" hostname="DESKTOP-IFFQ8DQ" time="76.164">
  <properties/>
  <testcase name="Add automated product to shopping cart" classname="Academy Choucair" time="51.423"/>
  <testcase name="Add automated product to shopping cart as page visitor" classname="Academy Choucair" time="24.687"/>
  <system-out><![CDATA[]]></system-out>
  <system-err><![CDATA[[Test worker] WARN net.thucydides.core.steps.BaseStepListener - stepStarted: net.thucydides.core.steps.ExecutedStepDescription@355abb8f
[Test worker] WARN net.thucydides.core.steps.BaseStepListener - stepStarted: net.thucydides.core.steps.ExecutedStepDescription@1e066923
[Test worker] WARN net.thucydides.core.steps.BaseStepListener - stepStarted: net.thucydides.core.steps.ExecutedStepDescription@79ca67f9
feb. 24, 2021 1:12:47 P. M. org.openqa.selenium.remote.DesiredCapabilities chrome
INFORMACIÓN: Using `new ChromeOptions()` is preferred to `DesiredCapabilities.chrome()`
[Test worker] INFO net.serenitybdd.core.webdriver.driverproviders.ProvideNewDriver - Instantiating driver
[Test worker] INFO net.serenitybdd.core.webdriver.driverproviders.ProvideNewDriver - Driver capabilities: Capabilities {acceptInsecureCerts: false, browserName: chrome, chrome.switches: --start-maximized, goog:chromeOptions: {args: [--start-maximized], extensions: []}, loggingPrefs: org.openqa.selenium.logging..., platform: ANY, version: }
Starting ChromeDriver 88.0.4324.96 (68dba2d8a0b149a1d3afac56fa74648032bcf46b-refs/branch-heads/4324@{#1784}) on port 10248
Only local connections are allowed.
Please see https://chromedriver.chromium.org/security-considerations for suggestions on keeping ChromeDriver safe.
ChromeDriver was started successfully.
feb. 24, 2021 1:12:55 P. M. org.openqa.selenium.remote.ProtocolHandshake createSession
INFORMACIÓN: Detected dialect: W3C
[Test worker] WARN net.thucydides.core.steps.BaseStepListener - stepFinished: current outcome:Add automated product to shopping cart:Given Given Rose wants to add products to his cart
| strEmail | strPassword |
| vanesa089-8@hotmail.com | Choucair1* | [Rose open up [Rose opens the U test page]]
[Test worker] WARN net.thucydides.core.steps.BaseStepListener - stepFinished: current outcome:Add automated product to shopping cart:Given Given Rose wants to add products to his cart
| strEmail | strPassword |
| vanesa089-8@hotmail.com | Choucair1* | [Rose open up [Rose opens the U test page]]
[Test worker] WARN net.thucydides.core.steps.BaseStepListener - stepStarted: net.thucydides.core.steps.ExecutedStepDescription@3e8271ed
[Test worker] WARN net.thucydides.core.steps.BaseStepListener - stepStarted: net.thucydides.core.steps.ExecutedStepDescription@3d2e6d65
[Test worker] WARN net.thucydides.core.steps.BaseStepListener - stepFinished: current outcome:Add automated product to shopping cart:Given Given Rose wants to add products to his cart
| strEmail | strPassword |
| vanesa089-8@hotmail.com | Choucair1* | [Rose open up [Rose opens the U test page], Rose login [Rose clicks on Da en el boton para Login ]]
[Test worker] WARN net.thucydides.core.steps.BaseStepListener - stepStarted: net.thucydides.core.steps.ExecutedStepDescription@5d1e5279
[Test worker] WARN net.thucydides.core.steps.BaseStepListener - stepFinished: current outcome:Add automated product to shopping cart:Given Given Rose wants to add products to his cart
| strEmail | strPassword |
| vanesa089-8@hotmail.com | Choucair1* | [Rose open up [Rose opens the U test page], Rose login [Rose clicks on Da en el boton para Login , Rose enters 'vanesa089-8@hotmail.com' into Donde escribimos el correo ]]
[Test worker] WARN net.thucydides.core.steps.BaseStepListener - stepStarted: net.thucydides.core.steps.ExecutedStepDescription@411c9158
[Test worker] WARN net.thucydides.core.steps.BaseStepListener - stepFinished: current outcome:Add automated product to shopping cart:Given Given Rose wants to add products to his cart
| strEmail | strPassword |
| vanesa089-8@hotmail.com | Choucair1* | [Rose open up [Rose opens the U test page], Rose login [Rose clicks on Da en el boton para Login , Rose enters 'vanesa089-8@hotmail.com' into Donde escribimos el correo , Rose enters 'Choucair1*' into Donde escribimos La contraseÃ±a ]]
[Test worker] WARN net.thucydides.core.steps.BaseStepListener - stepStarted: net.thucydides.core.steps.ExecutedStepDescription@59e07a43
[Test worker] WARN net.thucydides.core.steps.BaseStepListener - stepFinished: current outcome:Add automated product to shopping cart:Given Given Rose wants to add products to his cart
| strEmail | strPassword |
| vanesa089-8@hotmail.com | Choucair1* | [Rose open up [Rose opens the U test page], Rose login [Rose clicks on Da en el boton para Login , Rose enters 'vanesa089-8@hotmail.com' into Donde escribimos el correo , Rose enters 'Choucair1*' into Donde escribimos La contraseÃ±a , Rose clicks on Da en inicio sesion ]]
[Test worker] WARN net.thucydides.core.steps.BaseStepListener - stepFinished: current outcome:Add automated product to shopping cart:Given Given Rose wants to add products to his cart
| strEmail | strPassword |
| vanesa089-8@hotmail.com | Choucair1* | [Rose open up [Rose opens the U test page], Rose login [Rose clicks on Da en el boton para Login , Rose enters 'vanesa089-8@hotmail.com' into Donde escribimos el correo , Rose enters 'Choucair1*' into Donde escribimos La contraseÃ±a , Rose clicks on Da en inicio sesion ]]
[Test worker] WARN net.thucydides.core.steps.BaseStepListener - stepFinished: current outcome:Add automated product to shopping cart:Given Given Rose wants to add products to his cart
| strEmail | strPassword |
| vanesa089-8@hotmail.com | Choucair1* | [Rose open up [Rose opens the U test page], Rose login [Rose clicks on Da en el boton para Login , Rose enters 'vanesa089-8@hotmail.com' into Donde escribimos el correo , Rose enters 'Choucair1*' into Donde escribimos La contraseÃ±a , Rose clicks on Da en inicio sesion ]]
[Test worker] WARN net.thucydides.core.steps.BaseStepListener - stepStarted: net.thucydides.core.steps.ExecutedStepDescription@5cd16222
[Test worker] WARN net.thucydides.core.steps.BaseStepListener - stepStarted: net.thucydides.core.steps.ExecutedStepDescription@1e15c1bc
[Test worker] WARN net.thucydides.core.steps.BaseStepListener - stepStarted: net.thucydides.core.steps.ExecutedStepDescription@62f9548d
[Test worker] WARN net.thucydides.core.steps.BaseStepListener - stepFinished: current outcome:Add automated product to shopping cart:Given Given Rose wants to add products to his cart
| strEmail | strPassword |
| vanesa089-8@hotmail.com | Choucair1* | [Rose open up [Rose opens the U test page], Rose login [Rose clicks on Da en el boton para Login , Rose enters 'vanesa089-8@hotmail.com' into Donde escribimos el correo , Rose enters 'Choucair1*' into Donde escribimos La contraseÃ±a , Rose clicks on Da en inicio sesion ]], When she adds a product when adding to cart [Rose sing up [Rose clicks on Selecciona Categoria Mujer]]
[Test worker] WARN net.thucydides.core.steps.BaseStepListener - stepStarted: net.thucydides.core.steps.ExecutedStepDescription@6ccd4df8
[Test worker] WARN net.thucydides.core.steps.BaseStepListener - stepFinished: current outcome:Add automated product to shopping cart:Given Given Rose wants to add products to his cart
| strEmail | strPassword |
| vanesa089-8@hotmail.com | Choucair1* | [Rose open up [Rose opens the U test page], Rose login [Rose clicks on Da en el boton para Login , Rose enters 'vanesa089-8@hotmail.com' into Donde escribimos el correo , Rose enters 'Choucair1*' into Donde escribimos La contraseÃ±a , Rose clicks on Da en inicio sesion ]], When she adds a product when adding to cart [Rose sing up [Rose clicks on Selecciona Categoria Mujer, Rose clicks on Agrega al carrito un producto]]
[Test worker] WARN net.thucydides.core.steps.BaseStepListener - stepStarted: net.thucydides.core.steps.ExecutedStepDescription@5119839b
[Test worker] WARN net.thucydides.core.steps.BaseStepListener - stepFinished: current outcome:Add automated product to shopping cart:Given Given Rose wants to add products to his cart
| strEmail | strPassword |
| vanesa089-8@hotmail.com | Choucair1* | [Rose open up [Rose opens the U test page], Rose login [Rose clicks on Da en el boton para Login , Rose enters 'vanesa089-8@hotmail.com' into Donde escribimos el correo , Rose enters 'Choucair1*' into Donde escribimos La contraseÃ±a , Rose clicks on Da en inicio sesion ]], When she adds a product when adding to cart [Rose sing up [Rose clicks on Selecciona Categoria Mujer, Rose clicks on Agrega al carrito un producto, Rose clicks on Boton de pasar por la caja]]
[Test worker] WARN net.thucydides.core.steps.BaseStepListener - stepFinished: current outcome:Add automated product to shopping cart:Given Given Rose wants to add products to his cart
| strEmail | strPassword |
| vanesa089-8@hotmail.com | Choucair1* | [Rose open up [Rose opens the U test page], Rose login [Rose clicks on Da en el boton para Login , Rose enters 'vanesa089-8@hotmail.com' into Donde escribimos el correo , Rose enters 'Choucair1*' into Donde escribimos La contraseÃ±a , Rose clicks on Da en inicio sesion ]], When she adds a product when adding to cart [Rose sing up [Rose clicks on Selecciona Categoria Mujer, Rose clicks on Agrega al carrito un producto, Rose clicks on Boton de pasar por la caja]]
[Test worker] WARN net.thucydides.core.steps.BaseStepListener - stepFinished: current outcome:Add automated product to shopping cart:Given Given Rose wants to add products to his cart
| strEmail | strPassword |
| vanesa089-8@hotmail.com | Choucair1* | [Rose open up [Rose opens the U test page], Rose login [Rose clicks on Da en el boton para Login , Rose enters 'vanesa089-8@hotmail.com' into Donde escribimos el correo , Rose enters 'Choucair1*' into Donde escribimos La contraseÃ±a , Rose clicks on Da en inicio sesion ]], When she adds a product when adding to cart [Rose sing up [Rose clicks on Selecciona Categoria Mujer, Rose clicks on Agrega al carrito un producto, Rose clicks on Boton de pasar por la caja]]
[Test worker] WARN net.thucydides.core.steps.BaseStepListener - stepStarted: net.thucydides.core.steps.ExecutedStepDescription@595526db
[Test worker] WARN net.thucydides.core.steps.BaseStepListener - stepStarted: net.thucydides.core.steps.ExecutedStepDescription@1ad36b74
[Test worker] WARN net.thucydides.core.steps.BaseStepListener - stepFinished: current outcome:Add automated product to shopping cart:Given Given Rose wants to add products to his cart
| strEmail | strPassword |
| vanesa089-8@hotmail.com | Choucair1* | [Rose open up [Rose opens the U test page], Rose login [Rose clicks on Da en el boton para Login , Rose enters 'vanesa089-8@hotmail.com' into Donde escribimos el correo , Rose enters 'Choucair1*' into Donde escribimos La contraseÃ±a , Rose clicks on Da en inicio sesion ]], When she adds a product when adding to cart [Rose sing up [Rose clicks on Selecciona Categoria Mujer, Rose clicks on Agrega al carrito un producto, Rose clicks on Boton de pasar por la caja]], Then She has the product in her shopping cart [Then answer]
[Test worker] WARN net.thucydides.core.steps.BaseStepListener - stepFinished: current outcome:Add automated product to shopping cart:Given Given Rose wants to add products to his cart
| strEmail | strPassword |
| vanesa089-8@hotmail.com | Choucair1* | [Rose open up [Rose opens the U test page], Rose login [Rose clicks on Da en el boton para Login , Rose enters 'vanesa089-8@hotmail.com' into Donde escribimos el correo , Rose enters 'Choucair1*' into Donde escribimos La contraseÃ±a , Rose clicks on Da en inicio sesion ]], When she adds a product when adding to cart [Rose sing up [Rose clicks on Selecciona Categoria Mujer, Rose clicks on Agrega al carrito un producto, Rose clicks on Boton de pasar por la caja]], Then She has the product in her shopping cart [Then answer]
[Test worker] WARN net.thucydides.core.steps.BaseStepListener - testFinished: Add automated product to shopping cart:Given Given Rose wants to add products to his cart
| strEmail | strPassword |
| vanesa089-8@hotmail.com | Choucair1* | [Rose open up [Rose opens the U test page], Rose login [Rose clicks on Da en el boton para Login , Rose enters 'vanesa089-8@hotmail.com' into Donde escribimos el correo , Rose enters 'Choucair1*' into Donde escribimos La contraseÃ±a , Rose clicks on Da en inicio sesion ]], When she adds a product when adding to cart [Rose sing up [Rose clicks on Selecciona Categoria Mujer, Rose clicks on Agrega al carrito un producto, Rose clicks on Boton de pasar por la caja]], Then She has the product in her shopping cart [Then answer]
[Test worker] WARN net.thucydides.core.steps.BaseStepListener - TestOutcomes: [Add automated product to shopping cart:Given Given Rose wants to add products to his cart
| strEmail | strPassword |
| vanesa089-8@hotmail.com | Choucair1* | [Rose open up [Rose opens the U test page], Rose login [Rose clicks on Da en el boton para Login , Rose enters 'vanesa089-8@hotmail.com' into Donde escribimos el correo , Rose enters 'Choucair1*' into Donde escribimos La contraseÃ±a , Rose clicks on Da en inicio sesion ]], When she adds a product when adding to cart [Rose sing up [Rose clicks on Selecciona Categoria Mujer, Rose clicks on Agrega al carrito un producto, Rose clicks on Boton de pasar por la caja]], Then She has the product in her shopping cart [Then answer]]
[Test worker] WARN net.thucydides.core.steps.BaseStepListener - Final testOutcomes: [Add automated product to shopping cart:Given Given Rose wants to add products to his cart
| strEmail | strPassword |
| vanesa089-8@hotmail.com | Choucair1* | [Rose open up [Rose opens the U test page], Rose login [Rose clicks on Da en el boton para Login , Rose enters 'vanesa089-8@hotmail.com' into Donde escribimos el correo , Rose enters 'Choucair1*' into Donde escribimos La contraseÃ±a , Rose clicks on Da en inicio sesion ]], When she adds a product when adding to cart [Rose sing up [Rose clicks on Selecciona Categoria Mujer, Rose clicks on Agrega al carrito un producto, Rose clicks on Boton de pasar por la caja]], Then She has the product in her shopping cart [Then answer]]
[Test worker] INFO net.thucydides.core.steps.ConsoleLoggingListener - 
        __    _____ _____ ____ _____   ____   _    ____  ____  _____ ____  
  _     \ \  |_   _| ____/ ___|_   _| |  _ \ / \  / ___|/ ___|| ____|  _ \ 
 (_)_____| |   | | |  _| \___ \ | |   | |_) / _ \ \___ \\___ \|  _| | | | |
  _|_____| |   | | | |___ ___) || |   |  __/ ___ \ ___) |___) | |___| |_| |
 (_)     | |   |_| |_____|____/ |_|   |_| /_/   \_\____/|____/|_____|____/ 
        /_/                                                                

TEST PASSED: Add automated product to shopping cart
----------------------------------------------------------------------------
[Test worker] WARN net.thucydides.core.steps.BaseStepListener - stepStarted: net.thucydides.core.steps.ExecutedStepDescription@5999df8
[Test worker] WARN net.thucydides.core.steps.BaseStepListener - stepStarted: net.thucydides.core.steps.ExecutedStepDescription@faacc27
[Test worker] WARN net.thucydides.core.steps.BaseStepListener - stepStarted: net.thucydides.core.steps.ExecutedStepDescription@b3644a6
feb. 24, 2021 1:13:37 P. M. org.openqa.selenium.remote.DesiredCapabilities chrome
INFORMACIÓN: Using `new ChromeOptions()` is preferred to `DesiredCapabilities.chrome()`
[Test worker] INFO net.serenitybdd.core.webdriver.driverproviders.ProvideNewDriver - Instantiating driver
[Test worker] INFO net.serenitybdd.core.webdriver.driverproviders.ProvideNewDriver - Driver capabilities: Capabilities {acceptInsecureCerts: false, browserName: chrome, chrome.switches: --start-maximized, goog:chromeOptions: {args: [--start-maximized], extensions: []}, loggingPrefs: org.openqa.selenium.logging..., platform: ANY, version: }
Starting ChromeDriver 88.0.4324.96 (68dba2d8a0b149a1d3afac56fa74648032bcf46b-refs/branch-heads/4324@{#1784}) on port 40525
Only local connections are allowed.
Please see https://chromedriver.chromium.org/security-considerations for suggestions on keeping ChromeDriver safe.
ChromeDriver was started successfully.
feb. 24, 2021 1:13:39 P. M. org.openqa.selenium.remote.ProtocolHandshake createSession
INFORMACIÓN: Detected dialect: W3C
[Test worker] WARN net.thucydides.core.steps.BaseStepListener - stepFinished: current outcome:Add automated product to shopping cart as page visitor:Given Rose wants to add products to her cart without having an account on the platform [Rose open up [Rose opens the U test page]]
[Test worker] WARN net.thucydides.core.steps.BaseStepListener - stepFinished: current outcome:Add automated product to shopping cart as page visitor:Given Rose wants to add products to her cart without having an account on the platform [Rose open up [Rose opens the U test page]]
[Test worker] WARN net.thucydides.core.steps.BaseStepListener - stepFinished: current outcome:Add automated product to shopping cart as page visitor:Given Rose wants to add products to her cart without having an account on the platform [Rose open up [Rose opens the U test page]]
[Test worker] WARN net.thucydides.core.steps.BaseStepListener - stepStarted: net.thucydides.core.steps.ExecutedStepDescription@6627e7a9
[Test worker] WARN net.thucydides.core.steps.BaseStepListener - stepStarted: net.thucydides.core.steps.ExecutedStepDescription@6ff45b64
[Test worker] WARN net.thucydides.core.steps.BaseStepListener - stepStarted: net.thucydides.core.steps.ExecutedStepDescription@629f68ec
[Test worker] WARN net.thucydides.core.steps.BaseStepListener - stepFinished: current outcome:Add automated product to shopping cart as page visitor:Given Rose wants to add products to her cart without having an account on the platform [Rose open up [Rose opens the U test page]], When she adds a product when adding to carthaving an account on the platform [Rose sing up [Rose clicks on Agrega al carrito un producto]]
[Test worker] WARN net.thucydides.core.steps.BaseStepListener - stepStarted: net.thucydides.core.steps.ExecutedStepDescription@77284741
[Test worker] WARN net.thucydides.core.steps.BaseStepListener - stepFinished: current outcome:Add automated product to shopping cart as page visitor:Given Rose wants to add products to her cart without having an account on the platform [Rose open up [Rose opens the U test page]], When she adds a product when adding to carthaving an account on the platform [Rose sing up [Rose clicks on Agrega al carrito un producto, Rose clicks on Boton de pasar por la caja]]
[Test worker] WARN net.thucydides.core.steps.BaseStepListener - stepFinished: current outcome:Add automated product to shopping cart as page visitor:Given Rose wants to add products to her cart without having an account on the platform [Rose open up [Rose opens the U test page]], When she adds a product when adding to carthaving an account on the platform [Rose sing up [Rose clicks on Agrega al carrito un producto, Rose clicks on Boton de pasar por la caja]]
[Test worker] WARN net.thucydides.core.steps.BaseStepListener - stepFinished: current outcome:Add automated product to shopping cart as page visitor:Given Rose wants to add products to her cart without having an account on the platform [Rose open up [Rose opens the U test page]], When she adds a product when adding to carthaving an account on the platform [Rose sing up [Rose clicks on Agrega al carrito un producto, Rose clicks on Boton de pasar por la caja]]
[Test worker] WARN net.thucydides.core.steps.BaseStepListener - stepStarted: net.thucydides.core.steps.ExecutedStepDescription@1f14ffc7
[Test worker] WARN net.thucydides.core.steps.BaseStepListener - stepStarted: net.thucydides.core.steps.ExecutedStepDescription@69f309f0
[Test worker] WARN net.thucydides.core.steps.BaseStepListener - stepFinished: current outcome:Add automated product to shopping cart as page visitor:Given Rose wants to add products to her cart without having an account on the platform [Rose open up [Rose opens the U test page]], When she adds a product when adding to carthaving an account on the platform [Rose sing up [Rose clicks on Agrega al carrito un producto, Rose clicks on Boton de pasar por la caja]], Then she has the product in her shopping cart even though she is registered [Then answer]
[Test worker] WARN net.thucydides.core.steps.BaseStepListener - stepFinished: current outcome:Add automated product to shopping cart as page visitor:Given Rose wants to add products to her cart without having an account on the platform [Rose open up [Rose opens the U test page]], When she adds a product when adding to carthaving an account on the platform [Rose sing up [Rose clicks on Agrega al carrito un producto, Rose clicks on Boton de pasar por la caja]], Then she has the product in her shopping cart even though she is registered [Then answer]
[Test worker] WARN net.thucydides.core.steps.BaseStepListener - testFinished: Add automated product to shopping cart as page visitor:Given Rose wants to add products to her cart without having an account on the platform [Rose open up [Rose opens the U test page]], When she adds a product when adding to carthaving an account on the platform [Rose sing up [Rose clicks on Agrega al carrito un producto, Rose clicks on Boton de pasar por la caja]], Then she has the product in her shopping cart even though she is registered [Then answer]
[Test worker] WARN net.thucydides.core.steps.BaseStepListener - TestOutcomes: [Add automated product to shopping cart:Given Given Rose wants to add products to his cart
| strEmail | strPassword |
| vanesa089-8@hotmail.com | Choucair1* | [Rose open up [Rose opens the U test page], Rose login [Rose clicks on Da en el boton para Login , Rose enters 'vanesa089-8@hotmail.com' into Donde escribimos el correo , Rose enters 'Choucair1*' into Donde escribimos La contraseÃ±a , Rose clicks on Da en inicio sesion ]], When she adds a product when adding to cart [Rose sing up [Rose clicks on Selecciona Categoria Mujer, Rose clicks on Agrega al carrito un producto, Rose clicks on Boton de pasar por la caja]], Then She has the product in her shopping cart [Then answer], Add automated product to shopping cart as page visitor:Given Rose wants to add products to her cart without having an account on the platform [Rose open up [Rose opens the U test page]], When she adds a product when adding to carthaving an account on the platform [Rose sing up [Rose clicks on Agrega al carrito un producto, Rose clicks on Boton de pasar por la caja]], Then she has the product in her shopping cart even though she is registered [Then answer]]
[Test worker] WARN net.thucydides.core.steps.BaseStepListener - Final testOutcomes: [Add automated product to shopping cart:Given Given Rose wants to add products to his cart
| strEmail | strPassword |
| vanesa089-8@hotmail.com | Choucair1* | [Rose open up [Rose opens the U test page], Rose login [Rose clicks on Da en el boton para Login , Rose enters 'vanesa089-8@hotmail.com' into Donde escribimos el correo , Rose enters 'Choucair1*' into Donde escribimos La contraseÃ±a , Rose clicks on Da en inicio sesion ]], When she adds a product when adding to cart [Rose sing up [Rose clicks on Selecciona Categoria Mujer, Rose clicks on Agrega al carrito un producto, Rose clicks on Boton de pasar por la caja]], Then She has the product in her shopping cart [Then answer], Add automated product to shopping cart as page visitor:Given Rose wants to add products to her cart without having an account on the platform [Rose open up [Rose opens the U test page]], When she adds a product when adding to carthaving an account on the platform [Rose sing up [Rose clicks on Agrega al carrito un producto, Rose clicks on Boton de pasar por la caja]], Then she has the product in her shopping cart even though she is registered [Then answer]]
[Test worker] INFO net.thucydides.core.steps.ConsoleLoggingListener - 
        __    _____ _____ ____ _____   ____   _    ____  ____  _____ ____  
  _     \ \  |_   _| ____/ ___|_   _| |  _ \ / \  / ___|/ ___|| ____|  _ \ 
 (_)_____| |   | | |  _| \___ \ | |   | |_) / _ \ \___ \\___ \|  _| | | | |
  _|_____| |   | | | |___ ___) || |   |  __/ ___ \ ___) |___) | |___| |_| |
 (_)     | |   |_| |_____|____/ |_|   |_| /_/   \_\____/|____/|_____|____/ 
        /_/                                                                

TEST PASSED: Add automated product to shopping cart as page visitor
----------------------------------------------------------------------------
]]></system-err>
</testsuite>
